<?xml version="1.0" encoding="utf-8"?>
<test-run id="2" testcasecount="6" result="Failed(Child)" total="6" passed="3" failed="3" inconclusive="0" skipped="0" asserts="0" engine-version="3.5.0.0" clr-version="4.0.30319.42000" start-time="2025-04-17 13:59:05Z" end-time="2025-04-17 13:59:10Z" duration="4.862487">
  <test-suite type="TestSuite" id="1012" name="barrage" fullname="barrage" runstate="Runnable" testcasecount="6" result="Failed" site="Child" start-time="2025-04-17 13:59:05Z" end-time="2025-04-17 13:59:10Z" duration="4.862487" total="6" passed="3" failed="3" inconclusive="0" skipped="0" asserts="0">
    <properties>
      <property name="platform" value="PlayMode" />
    </properties>
    <failure>
      <message><![CDATA[One or more child tests had errors]]></message>
    </failure>
    <test-suite type="Assembly" id="1008" name="Tests.dll" fullname="/Users/kitamurareiki/develop/barrage/Library/ScriptAssemblies/Tests.dll" runstate="Runnable" testcasecount="6" result="Failed" site="Child" start-time="2025-04-17 13:59:05Z" end-time="2025-04-17 13:59:10Z" duration="4.814362" total="6" passed="3" failed="3" inconclusive="0" skipped="0" asserts="0">
      <properties>
        <property name="_PID" value="19583" />
        <property name="_APPDOMAIN" value="Unity Child Domain" />
        <property name="platform" value="PlayMode" />
        <property name="EditorOnly" value="False" />
      </properties>
      <failure>
        <message><![CDATA[One or more child tests had errors]]></message>
      </failure>
      <test-suite type="TestFixture" id="1001" name="GameplayPlayModeTests" fullname="GameplayPlayModeTests" classname="GameplayPlayModeTests" runstate="Runnable" testcasecount="6" result="Failed" site="Child" start-time="2025-04-17 13:59:05Z" end-time="2025-04-17 13:59:10Z" duration="4.795745" total="6" passed="3" failed="3" inconclusive="0" skipped="0" asserts="0">
        <properties />
        <failure>
          <message><![CDATA[One or more child tests had errors]]></message>
        </failure>
        <test-case id="1005" name="Bullet_DisappearsAndReturnsToPool_AfterLifetime" fullname="GameplayPlayModeTests.Bullet_DisappearsAndReturnsToPool_AfterLifetime" methodname="Bullet_DisappearsAndReturnsToPool_AfterLifetime" classname="GameplayPlayModeTests" runstate="Runnable" seed="359435545" result="Failed" start-time="2025-04-17 13:59:05Z" end-time="2025-04-17 13:59:09Z" duration="3.348131" asserts="0">
          <properties>
            <property name="_JOINTYPE" value="UnityCombinatorial" />
            <property name="retryIteration" value="0" />
            <property name="repeatIteration" value="0" />
          </properties>
          <failure>
            <message><![CDATA[  Pool count should increase when bullet returns after lifetime.
  Expected: 13
  But was:  6
]]></message>
            <stack-trace><![CDATA[at GameplayPlayModeTests+<Bullet_DisappearsAndReturnsToPool_AfterLifetime>d__13.MoveNext () [0x00124] in /Users/kitamurareiki/develop/barrage/Assets/Tests/GamePlayTests/GameplayPlayModeTests.cs:215
at UnityEngine.TestTools.TestEnumerator+<Execute>d__7.MoveNext () [0x0003a] in ./Library/PackageCache/com.unity.test-framework/UnityEngine.TestRunner/NUnitExtensions/Attributes/TestEnumerator.cs:44
]]></stack-trace>
          </failure>
          <output><![CDATA[Executing Pattern: 
Target with tag 'Untagged' not found. Firing forward.
Executing Pattern: 
Executing Pattern: 
Target with tag 'Untagged' not found. Firing forward.
Executing Pattern: 
Pool is empty. Instantiating new bullet.
Executing Pattern: 
Target with tag 'Untagged' not found. Firing forward.
Pool is empty. Instantiating new bullet.
]]></output>
        </test-case>
        <test-case id="1004" name="Bullet_MovesUpward_WhenActivatedWithIdentityRotation" fullname="GameplayPlayModeTests.Bullet_MovesUpward_WhenActivatedWithIdentityRotation" methodname="Bullet_MovesUpward_WhenActivatedWithIdentityRotation" classname="GameplayPlayModeTests" runstate="Runnable" seed="351474066" result="Failed" start-time="2025-04-17 13:59:09Z" end-time="2025-04-17 13:59:09Z" duration="0.630071" asserts="0">
          <properties>
            <property name="_JOINTYPE" value="UnityCombinatorial" />
            <property name="retryIteration" value="0" />
            <property name="repeatIteration" value="0" />
          </properties>
          <failure>
            <message><![CDATA[  Expected: 5.0d +/- 9.9999997473787516E-06d
  But was:  5.0945067405700684d
]]></message>
            <stack-trace><![CDATA[at GameplayPlayModeTests+<Bullet_MovesUpward_WhenActivatedWithIdentityRotation>d__12.MoveNext () [0x0010a] in /Users/kitamurareiki/develop/barrage/Assets/Tests/GamePlayTests/GameplayPlayModeTests.cs:186
at UnityEngine.TestTools.TestEnumerator+<Execute>d__7.MoveNext () [0x0003a] in ./Library/PackageCache/com.unity.test-framework/UnityEngine.TestRunner/NUnitExtensions/Attributes/TestEnumerator.cs:44
]]></stack-trace>
          </failure>
          <output><![CDATA[Executing Pattern: 
Target with tag 'Untagged' not found. Firing forward.
]]></output>
        </test-case>
        <test-case id="1006" name="Enemy_FiresAimedShot_Forward_WhenTargetNotFound" fullname="GameplayPlayModeTests.Enemy_FiresAimedShot_Forward_WhenTargetNotFound" methodname="Enemy_FiresAimedShot_Forward_WhenTargetNotFound" classname="GameplayPlayModeTests" runstate="Runnable" seed="706733463" result="Passed" start-time="2025-04-17 13:59:09Z" end-time="2025-04-17 13:59:10Z" duration="0.329151" asserts="0">
          <properties>
            <property name="_JOINTYPE" value="UnityCombinatorial" />
            <property name="retryIteration" value="0" />
            <property name="repeatIteration" value="0" />
          </properties>
          <output><![CDATA[Executing Pattern: 
Target with tag 'Untagged' not found. Firing forward.
]]></output>
        </test-case>
        <test-case id="1007" name="Enemy_FiresFanShot_WithCorrectCountAndApproximateSpread" fullname="GameplayPlayModeTests.Enemy_FiresFanShot_WithCorrectCountAndApproximateSpread" methodname="Enemy_FiresFanShot_WithCorrectCountAndApproximateSpread" classname="GameplayPlayModeTests" runstate="Runnable" seed="692685320" result="Failed" start-time="2025-04-17 13:59:10Z" end-time="2025-04-17 13:59:10Z" duration="0.300430" asserts="0">
          <properties>
            <property name="_JOINTYPE" value="UnityCombinatorial" />
            <property name="retryIteration" value="0" />
            <property name="repeatIteration" value="0" />
          </properties>
          <failure>
            <message><![CDATA[  Incorrect number of bullets fired in fan pattern.
  Expected: 5
  But was:  3
]]></message>
            <stack-trace><![CDATA[at GameplayPlayModeTests+<Enemy_FiresFanShot_WithCorrectCountAndApproximateSpread>d__15.MoveNext () [0x000cc] in /Users/kitamurareiki/develop/barrage/Assets/Tests/GamePlayTests/GameplayPlayModeTests.cs:269
at UnityEngine.TestTools.TestEnumerator+<Execute>d__7.MoveNext () [0x0003a] in ./Library/PackageCache/com.unity.test-framework/UnityEngine.TestRunner/NUnitExtensions/Attributes/TestEnumerator.cs:44
]]></stack-trace>
          </failure>
          <output><![CDATA[Executing Pattern: 
Target with tag 'Untagged' not found. Firing forward.
]]></output>
        </test-case>
        <test-case id="1002" name="Pooler_GetBullet_ReturnsInactiveObjectAndDecreasesPoolCount" fullname="GameplayPlayModeTests.Pooler_GetBullet_ReturnsInactiveObjectAndDecreasesPoolCount" methodname="Pooler_GetBullet_ReturnsInactiveObjectAndDecreasesPoolCount" classname="GameplayPlayModeTests" runstate="Runnable" seed="1691112927" result="Passed" start-time="2025-04-17 13:59:10Z" end-time="2025-04-17 13:59:10Z" duration="0.044400" asserts="0">
          <properties>
            <property name="_JOINTYPE" value="UnityCombinatorial" />
            <property name="retryIteration" value="0" />
            <property name="repeatIteration" value="0" />
          </properties>
          <output><![CDATA[Executing Pattern: 
Target with tag 'Untagged' not found. Firing forward.
]]></output>
        </test-case>
        <test-case id="1003" name="Pooler_ReturnBullet_DeactivatesObjectAndIncreasesPoolCount" fullname="GameplayPlayModeTests.Pooler_ReturnBullet_DeactivatesObjectAndIncreasesPoolCount" methodname="Pooler_ReturnBullet_DeactivatesObjectAndIncreasesPoolCount" classname="GameplayPlayModeTests" runstate="Runnable" seed="1626696307" result="Passed" start-time="2025-04-17 13:59:10Z" end-time="2025-04-17 13:59:10Z" duration="0.052888" asserts="0">
          <properties>
            <property name="_JOINTYPE" value="UnityCombinatorial" />
            <property name="retryIteration" value="0" />
            <property name="repeatIteration" value="0" />
          </properties>
          <output><![CDATA[Executing Pattern: 
Target with tag 'Untagged' not found. Firing forward.
Saving results to: /Users/kitamurareiki/Library/Application Support/DefaultCompany/barrage/TestResults.xml
]]></output>
        </test-case>
      </test-suite>
    </test-suite>
  </test-suite>
</test-run>